<?xml version="1.0" encoding="UTF-8"?>
<!-- Generated by org.testng.reporters.JUnitReportReporter -->
<testsuite hostname="DESKTOP-5H3HCLU" failures="0" tests="1" name="com.herokuapp.theinternet.PositiveTests" time="10.907" errors="0" timestamp="24 Feb 2023 15:26:48 GMT" skipped="0">
  <testcase classname="com.herokuapp.theinternet.PositiveTests" name="loginTest" time="10.907"/>
</testsuite> <!-- com.herokuapp.theinternet.PositiveTests -->
